<?xml version="1.0" encoding="UTF-8"?>
<testng-results ignored="0" total="1" passed="1" failed="0" skipped="0">
  <reporter-output>
  </reporter-output>
  <suite started-at="2021-02-25T18:24:17 IST" name="Default suite" finished-at="2021-02-25T18:24:21 IST" duration-ms="4579">
    <groups>
    </groups>
    <test started-at="2021-02-25T18:24:17 IST" name="Default test" finished-at="2021-02-25T18:24:21 IST" duration-ms="4579">
      <class name="com.wordpress.TestCases.VerifyValidLogin">
        <test-method signature="checkValidUser()[pri:0, instance:com.wordpress.TestCases.VerifyValidLogin@1fb700ee]" started-at="2021-02-25T18:24:17 IST" name="checkValidUser" finished-at="2021-02-25T18:24:21 IST" duration-ms="4552" status="PASS">
          <reporter-output>
          </reporter-output>
        </test-method> <!-- checkValidUser -->
      </class> <!-- com.wordpress.TestCases.VerifyValidLogin -->
    </test> <!-- Default test -->
  </suite> <!-- Default suite -->
</testng-results>
